Running: C:\Xilinx\14.7\ISE_DS\ISE\bin\nt64\unwrapped\fuse.exe -intstyle ise -incremental -lib unisims_ver -lib unimacro_ver -lib xilinxcorelib_ver -o C:/Users/Roxana/OneDrive - Universitatea Politehnica Bucuresti/ANUL III/SEMSTRUL I/AC/LAB1/lab1_skel/ex1_skel/full_adder_test_isim_beh.exe -prj C:/Users/Roxana/OneDrive - Universitatea Politehnica Bucuresti/ANUL III/SEMSTRUL I/AC/LAB1/lab1_skel/ex1_skel/full_adder_test_beh.prj work.full_adder_test work.glbl 
ISim P.20131013 (signature 0x7708f090)
Number of CPUs detected in this system: 8
Turning on mult-threading, number of parallel sub-compilation jobs: 16 
Determining compilation order of HDL files
Analyzing Verilog file "C:/Users/Roxana/OneDrive - Universitatea Politehnica Bucuresti/ANUL III/SEMSTRUL I/AC/LAB1/lab1_skel/ex1_skel/full_adder.v" into library work
Analyzing Verilog file "C:/Users/Roxana/OneDrive - Universitatea Politehnica Bucuresti/ANUL III/SEMSTRUL I/AC/LAB1/lab1_skel/ex1_skel/full_adder_test.v" into library work
Analyzing Verilog file "C:/Xilinx/14.7/ISE_DS/ISE//verilog/src/glbl.v" into library work
Starting static elaboration
Completed static elaboration
Compiling module half_adder
Compiling module full_adder
Compiling module full_adder_test
Compiling module glbl
Time Resolution for simulation is 1ps.
Waiting for 1 sub-compilation(s) to finish...
Compiled 4 Verilog Units
Built simulation executable C:/Users/Roxana/OneDrive - Universitatea Politehnica Bucuresti/ANUL III/SEMSTRUL I/AC/LAB1/lab1_skel/ex1_skel/full_adder_test_isim_beh.exe
Fuse Memory Usage: 28168 KB
Fuse CPU Usage: 343 ms
