Command line:
   temperature_top_isim_beh.exe
     -simmode  gui
     -simrunnum  0
     -socket  51413

Mon Nov 09 15:10:04 2020


 Elaboration Time: 0.03125 sec

 Current Memory Usage: 5150.06 Meg

 Total Signals          : 35
 Total Nets             : 139
 Total Signal Drivers   : 12
 Total Blocks           : 5
 Total Primitive Blocks : 4
 Total Processes        : 18
 Total Traceable Variables  : 28
 Total Scalar Nets and Variables : 356
Total Line Count : 82

 Total Simulation Time: 0.03125 sec

 Current Memory Usage: 5150.06 Meg

Mon Nov 09 15:10:07 2020

