Running: C:\Xilinx\14.7\ISE_DS\ISE\bin\nt64\unwrapped\fuse.exe -intstyle ise -incremental -lib unisims_ver -lib unimacro_ver -lib xilinxcorelib_ver -o D:/OneDrive - Universitatea Politehnica Bucuresti/ANUL III/SEMSTRUL I/AC/TEME/TEMA 1/Tema1_SRC/Tema1/Tema1_test_isim_beh.exe -prj D:/OneDrive - Universitatea Politehnica Bucuresti/ANUL III/SEMSTRUL I/AC/TEME/TEMA 1/Tema1_SRC/Tema1/Tema1_test_beh.prj work.Tema1_test work.glbl 
ISim P.20131013 (signature 0x7708f090)
Number of CPUs detected in this system: 8
Turning on mult-threading, number of parallel sub-compilation jobs: 16 
Determining compilation order of HDL files
Analyzing Verilog file "D:/OneDrive - Universitatea Politehnica Bucuresti/ANUL III/SEMSTRUL I/AC/TEME/TEMA 1/Tema1_SRC/Tema1/sensors_input.v" into library work
Analyzing Verilog file "D:/OneDrive - Universitatea Politehnica Bucuresti/ANUL III/SEMSTRUL I/AC/TEME/TEMA 1/Tema1_SRC/Tema1/output_display.v" into library work
Analyzing Verilog file "D:/OneDrive - Universitatea Politehnica Bucuresti/ANUL III/SEMSTRUL I/AC/TEME/TEMA 1/Tema1_SRC/Tema1/division.v" into library work
Analyzing Verilog file "D:/OneDrive - Universitatea Politehnica Bucuresti/ANUL III/SEMSTRUL I/AC/TEME/TEMA 1/Tema1_SRC/Tema1/temperature_top.v" into library work
Analyzing Verilog file "D:/OneDrive - Universitatea Politehnica Bucuresti/ANUL III/SEMSTRUL I/AC/TEME/TEMA 1/Tema1_SRC/Tema1/Tema1_test.v" into library work
Analyzing Verilog file "C:/Xilinx/14.7/ISE_DS/ISE//verilog/src/glbl.v" into library work
Starting static elaboration
Completed static elaboration
Compiling module sensors_input
Compiling module division
Compiling module output_display
Compiling module temperature_top
Compiling module Tema1_test
Compiling module glbl
Time Resolution for simulation is 1ps.
Compiled 6 Verilog Units
Built simulation executable D:/OneDrive - Universitatea Politehnica Bucuresti/ANUL III/SEMSTRUL I/AC/TEME/TEMA 1/Tema1_SRC/Tema1/Tema1_test_isim_beh.exe
Fuse Memory Usage: 28132 KB
Fuse CPU Usage: 311 ms
