Release 14.7 - xst P.20131013 (nt64)
Copyright (c) 1995-2013 Xilinx, Inc.  All rights reserved.
--> Parameter TMPDIR set to xst/projnav.tmp


Total REAL time to Xst completion: 0.00 secs
Total CPU time to Xst completion: 0.10 secs
 
--> Parameter xsthdpdir set to xst


Total REAL time to Xst completion: 0.00 secs
Total CPU time to Xst completion: 0.10 secs
 
--> Reading design: temperature_top.prj

TABLE OF CONTENTS
  1) Synthesis Options Summary
  2) HDL Compilation
  3) Design Hierarchy Analysis
  4) HDL Analysis
  5) HDL Synthesis
     5.1) HDL Synthesis Report
  6) Advanced HDL Synthesis
     6.1) Advanced HDL Synthesis Report
  7) Low Level Synthesis
  8) Partition Report
  9) Final Report
	9.1) Device utilization summary
	9.2) Partition Resource Summary
	9.3) TIMING REPORT


=========================================================================
*                      Synthesis Options Summary                        *
=========================================================================
---- Source Parameters
Input File Name                    : "temperature_top.prj"
Input Format                       : mixed
Ignore Synthesis Constraint File   : NO

---- Target Parameters
Output File Name                   : "temperature_top"
Output Format                      : NGC
Target Device                      : xc3s500e-4-fg320

---- Source Options
Top Module Name                    : temperature_top
Automatic FSM Extraction           : YES
FSM Encoding Algorithm             : Auto
Safe Implementation                : No
FSM Style                          : LUT
RAM Extraction                     : Yes
RAM Style                          : Auto
ROM Extraction                     : Yes
Mux Style                          : Auto
Decoder Extraction                 : YES
Priority Encoder Extraction        : Yes
Shift Register Extraction          : YES
Logical Shifter Extraction         : YES
XOR Collapsing                     : YES
ROM Style                          : Auto
Mux Extraction                     : Yes
Resource Sharing                   : YES
Asynchronous To Synchronous        : NO
Multiplier Style                   : Auto
Automatic Register Balancing       : No

---- Target Options
Add IO Buffers                     : YES
Global Maximum Fanout              : 100000
Add Generic Clock Buffer(BUFG)     : 24
Register Duplication               : YES
Slice Packing                      : YES
Optimize Instantiated Primitives   : NO
Use Clock Enable                   : Yes
Use Synchronous Set                : Yes
Use Synchronous Reset              : Yes
Pack IO Registers into IOBs        : Auto
Equivalent register Removal        : YES

---- General Options
Optimization Goal                  : Speed
Optimization Effort                : 1
Keep Hierarchy                     : No
Netlist Hierarchy                  : As_Optimized
RTL Output                         : Yes
Global Optimization                : AllClockNets
Read Cores                         : YES
Write Timing Constraints           : NO
Cross Clock Analysis               : NO
Hierarchy Separator                : /
Bus Delimiter                      : <>
Case Specifier                     : Maintain
Slice Utilization Ratio            : 100
BRAM Utilization Ratio             : 100
Verilog 2001                       : YES
Auto BRAM Packing                  : NO
Slice Utilization Ratio Delta      : 5

=========================================================================


=========================================================================
*                          HDL Compilation                              *
=========================================================================
Compiling verilog file "sensors_input.v" in library work
Compiling verilog file "output_display.v" in library work
Module <sensors_input> compiled
Compiling verilog file "division.v" in library work
Module <output_display> compiled
Compiling verilog file "temperature_top.v" in library work
Module <division> compiled
Module <temperature_top> compiled
No errors in compilation
Analysis of file <"temperature_top.prj"> succeeded.
 

=========================================================================
*                     Design Hierarchy Analysis                         *
=========================================================================
Analyzing hierarchy for module <temperature_top> in library <work>.

Analyzing hierarchy for module <sensors_input> in library <work>.

Analyzing hierarchy for module <division> in library <work>.

Analyzing hierarchy for module <output_display> in library <work>.


=========================================================================
*                            HDL Analysis                               *
=========================================================================
Analyzing top module <temperature_top>.
Module <temperature_top> is correct for synthesis.
 
Analyzing module <sensors_input> in library <work>.
Module <sensors_input> is correct for synthesis.
 
Analyzing module <division> in library <work>.
"division.v" line 33: $display : Nu se poate imparti la D
Module <division> is correct for synthesis.
 
Analyzing module <output_display> in library <work>.
Module <output_display> is correct for synthesis.
 

=========================================================================
*                           HDL Synthesis                               *
=========================================================================

Performing bidirectional port resolution...

Synthesizing Unit <sensors_input>.
    Related source file is "sensors_input.v".
    Found 8-bit adder for signal <n$addsub0000> created at line 55.
    Found 8-bit adder for signal <old_n_3$addsub0000> created at line 40.
    Found 8-bit adder for signal <old_n_5$addsub0000> created at line 45.
    Found 8-bit adder for signal <old_n_7$addsub0000> created at line 50.
    Found 16-bit adder for signal <old_t_4$addsub0000> created at line 41.
    Found 16-bit adder for signal <old_t_6$addsub0000> created at line 46.
    Found 16-bit adder for signal <old_t_8$addsub0000> created at line 51.
    Found 16-bit adder for signal <t$addsub0000> created at line 56.
    Summary:
	inferred   8 Adder/Subtractor(s).
Unit <sensors_input> synthesized.


Synthesizing Unit <division>.
    Related source file is "division.v".
WARNING:Xst:647 - Input <N<15>> is never used. This port will be preserved and left unconnected if it belongs to a top-level block or it belongs to a sub-block and the hierarchy of this sub-block is preserved.
Unit <division> synthesized.


Synthesizing Unit <output_display>.
    Related source file is "output_display.v".
WARNING:Xst:646 - Signal <rest> is assigned but never used. This unconnected signal will be trimmed during the optimization process.
WARNING:Xst:646 - Signal <n> is assigned but never used. This unconnected signal will be trimmed during the optimization process.
    Found 16x8-bit ROM for signal <c$mux0000>.
    Found 16-bit subtractor for signal <cat$addsub0000> created at line 38.
    Found 16-bit adder for signal <cat$addsub0001> created at line 40.
    Found 16-bit comparator lessequal for signal <cat$cmp_le0000> created at line 38.
    Summary:
	inferred   1 ROM(s).
	inferred   2 Adder/Subtractor(s).
	inferred   1 Comparator(s).
Unit <output_display> synthesized.


Synthesizing Unit <temperature_top>.
    Related source file is "temperature_top.v".
Unit <temperature_top> synthesized.


=========================================================================
HDL Synthesis Report

Macro Statistics
# ROMs                                                 : 1
 16x8-bit ROM                                          : 1
# Adders/Subtractors                                   : 10
 16-bit adder                                          : 5
 16-bit subtractor                                     : 1
 8-bit adder                                           : 4
# Comparators                                          : 1
 16-bit comparator lessequal                           : 1

=========================================================================

=========================================================================
*                       Advanced HDL Synthesis                          *
=========================================================================


=========================================================================
Advanced HDL Synthesis Report

Macro Statistics
# ROMs                                                 : 1
 16x8-bit ROM                                          : 1
# Adders/Subtractors                                   : 10
 16-bit adder                                          : 5
 16-bit subtractor                                     : 1
 8-bit adder                                           : 4
# Comparators                                          : 1
 16-bit comparator lessequal                           : 1

=========================================================================

=========================================================================
*                         Low Level Synthesis                           *
=========================================================================

Optimizing unit <temperature_top> ...

Optimizing unit <sensors_input> ...

Mapping all equations...
Building and optimizing final netlist ...
Found area constraint ratio of 100 (+ 5) on block temperature_top, actual ratio is 0.

Final Macro Processing ...

=========================================================================
Final Register Report

Found no macro
=========================================================================

=========================================================================
*                           Partition Report                            *
=========================================================================

Partition Implementation Status
-------------------------------

  No Partitions were found in this design.

-------------------------------

=========================================================================
*                            Final Report                               *
=========================================================================
Final Results
RTL Top Level Output File Name     : temperature_top.ngr
Top Level Output File Name         : temperature_top
Output Format                      : NGC
Optimization Goal                  : Speed
Keep Hierarchy                     : No

Design Statistics
# IOs                              : 54

Cell Usage :
# BELS                             : 2
#      GND                         : 1
#      VCC                         : 1
# IO Buffers                       : 9
#      OBUF                        : 9
=========================================================================

Device utilization summary:
---------------------------

Selected Device : 3s500efg320-4 

 Number of Slices:                        0  out of   4656     0%  
 Number of IOs:                          54
 Number of bonded IOBs:                   9  out of    232     3%  

---------------------------
Partition Resource Summary:
---------------------------

  No Partitions were found in this design.

---------------------------


=========================================================================
TIMING REPORT

NOTE: THESE TIMING NUMBERS ARE ONLY A SYNTHESIS ESTIMATE.
      FOR ACCURATE TIMING INFORMATION PLEASE REFER TO THE TRACE REPORT
      GENERATED AFTER PLACE-and-ROUTE.

Clock Information:
------------------
No clock signals found in this design

Asynchronous Control Signals Information:
----------------------------------------
No asynchronous control signals found in this design

Timing Summary:
---------------
Speed Grade: -4

   Minimum period: No path found
   Minimum input arrival time before clock: No path found
   Maximum output required time after clock: No path found
   Maximum combinational path delay: No path found

Timing Detail:
--------------
All values displayed in nanoseconds (ns)

=========================================================================


Total REAL time to Xst completion: 4.00 secs
Total CPU time to Xst completion: 4.82 secs
 
--> 

Total memory usage is 4513872 kilobytes

Number of errors   :    0 (   0 filtered)
Number of warnings :    3 (   0 filtered)
Number of infos    :    0 (   0 filtered)

