--------------------------------------------------------------------------------
Release 14.7 Trace  (nt64)
Copyright (c) 1995-2013 Xilinx, Inc.  All rights reserved.

C:\Xilinx\14.7\ISE_DS\ISE\bin\nt64\unwrapped\trce.exe -intstyle ise -v 3 -s 4
-n 3 -fastpaths -xml comp1.twx comp1.ncd -o comp1.twr comp1.pcf

Design file:              comp1.ncd
Physical constraint file: comp1.pcf
Device,package,speed:     xc3s500e,fg320,-4 (PRODUCTION 1.27 2013-10-13)
Report level:             verbose report

Environment Variable      Effect 
--------------------      ------ 
NONE                      No environment variables were set
--------------------------------------------------------------------------------

INFO:Timing:2698 - No timing constraints found, doing default enumeration.
INFO:Timing:3412 - To improve timing, see the Timing Closure User Guide (UG612).
INFO:Timing:2752 - To get complete path coverage, use the unconstrained paths 
   option. All paths that are not constrained will be reported in the 
   unconstrained paths section(s) of the report.
INFO:Timing:3339 - The clock-to-out numbers in this timing report are based on 
   a 50 Ohm transmission line loading model.  For the details of this model, 
   and for more information on accounting for different loading conditions, 
   please see the device datasheet.
INFO:Timing:3390 - This architecture does not support a default System Jitter 
   value, please add SYSTEM_JITTER constraint to the UCF to modify the Clock 
   Uncertainty calculation.
INFO:Timing:3389 - This architecture does not support 'Discrete Jitter' and 
   'Phase Error' calculations, these terms will be zero in the Clock 
   Uncertainty calculation.  Please make appropriate modification to 
   SYSTEM_JITTER to account for the unsupported Discrete Jitter and Phase 
   Error.



Data Sheet report:
-----------------
All values displayed in nanoseconds (ns)

Pad to Pad
---------------+---------------+---------+
Source Pad     |Destination Pad|  Delay  |
---------------+---------------+---------+
a              |eq             |    6.174|
a              |gt             |    5.917|
a              |lt             |    6.208|
b              |eq             |    5.968|
b              |gt             |    6.555|
b              |lt             |    5.971|
---------------+---------------+---------+


Analysis completed Fri Oct 16 14:47:12 2020 
--------------------------------------------------------------------------------

Trace Settings:
-------------------------
Trace Settings 

Peak Memory Usage: 4509 MB



