Release 14.7 Map P.20131013 (nt64)
Xilinx Mapping Report File for Design 'decryption_top'

Design Information
------------------
Command Line   : map -intstyle ise -p xc6vlx75t-ff484-1 -w -logic_opt off -ol
high -t 1 -xt 0 -register_duplication off -r 4 -global_opt off -mt off -ir off
-pr off -lc off -power off -o decryption_top_map.ncd decryption_top.ngd
decryption_top.pcf 
Target Device  : xc6vlx75t
Target Package : ff484
Target Speed   : -1
Mapper Version : virtex6 -- $Revision: 1.55 $
Mapped Date    : Wed Dec 02 17:56:02 2020

Design Summary
--------------
Number of errors   :   2
Number of warnings :   0

Section 1 - Errors
------------------
ERROR:Map:116 - The design is empty.  No processing will be done.
ERROR:Map:52 - Problem encountered processing RPMs. 

Section 2 - Warnings
--------------------

Section 3 - Informational
-------------------------
